2007/12/20 04:08.671	APP-MAIN	DEBUG	Initialising SYSTRAY Form
2007/12/20 04:08.671	APP-MAIN	DEBUG	Initialising Quick Search Form
2007/12/20 04:08.687	APP-MAIN	DEBUG	Initialising Notify Form
2007/12/20 04:08.703	APP-MAIN	DEBUG	Reading Configuration
2007/12/20 04:08.703	APP-MAIN	DEBUG	Current Google Config:GE:True:GA:True:GG:True
2007/12/20 04:08.703	APP-MAIN	DEBUG	Current MSN Live Config:LE:True:LG:False
2007/12/20 04:08.703	APP-MAIN	DEBUG	Current Yahoo Config:YE:True:YG:True
2007/12/20 04:08.703	APP-MAIN	DEBUG	Starting HTTP Server Thread
2007/12/20 04:08.703	APP-HTTP	DEBUG	HTTP Server Class Instantiated
2007/12/20 04:08.703	APP-HTTP	DEBUG	Starting HTTP Worker Threads
2007/12/20 04:08.703	APP-MAIN	DEBUG	Initialising Result Form
2007/12/20 04:08.812	APP-MAIN	DEBUG	Initialising Log Viewer Form
2007/12/20 04:08.875	APP-MAIN	DEBUG	Config Form Shown
2007/12/20 04:08.906	APP-MAIN	DEBUG	Initialising Keyboard Hooks
2007/12/20 04:08.906	APP-MAIN	DEBUG	Config Form Hidden
2007/12/20 04:08.609	APP-HTTP	DEBUG	HTTP Worker Thread Listening
2007/12/20 04:08.609	APP-HTTP	DEBUG	Request Loop
2007/12/20 04:08.812	APP-MAIN	DEBUG	Quick Search Form Shown
2007/12/20 04:08.796	APP-MAIN	DEBUG	New Search - sensepost
2007/12/20 04:08.796	APP-MAIN	DEBUG	Quick Search Form Hidden
2007/12/20 04:08.796	APP-MAIN	DEBUG	Notify Form Shown
2007/12/20 04:08.812	APP-MAIN	DEBUG	Starting SOAP Search Process
2007/12/20 04:08.390	APP-HTTP	DEBUG	Request Loop
2007/12/20 04:08.406	APP-MAIN	DEBUG	Result Form Shown
2007/12/20 04:08.796	APP-MAIN	DEBUG	Notify Form Hidden
2007/12/20 04:08.953	APP-RESULT	DEBUG	New Search:Q=sensepost:S=0:L=10
2007/12/20 04:08.781	APP-HTTP	DEBUG	Request Loop
2007/12/20 04:08.140	APP-MAIN	DEBUG	Notify Form Shown
2007/12/20 04:08.796	APP-MAIN	DEBUG	Notify Form Hidden
2007/12/20 04:08.609	APP-MAIN	DEBUG	Result Form Hidden
2007/12/20 04:23.812	APP-MAIN	DEBUG	Quick Search Form Shown
2007/12/20 04:23.656	APP-MAIN	DEBUG	New Search - sensepost
2007/12/20 04:23.656	APP-MAIN	DEBUG	Quick Search Form Hidden
2007/12/20 04:23.656	APP-MAIN	DEBUG	Notify Form Shown
2007/12/20 04:23.656	APP-MAIN	DEBUG	Starting SOAP Search Process
2007/12/20 04:23.656	APP-MAIN	DEBUG	Notify Form Hidden
2007/12/20 04:23.218	APP-MAIN	DEBUG	Quick Search Form Shown
2007/12/20 04:23.812	APP-MAIN	DEBUG	Quick Search Form Hidden
2007/12/20 04:23.687	APP-MAIN	DEBUG	Quick Search Form Shown
2007/12/20 04:23.593	APP-MAIN	DEBUG	New Search - sensepost
2007/12/20 04:23.593	APP-MAIN	DEBUG	Quick Search Form Hidden
2007/12/20 04:23.593	APP-MAIN	DEBUG	Notify Form Shown
2007/12/20 04:23.593	APP-MAIN	DEBUG	Starting SOAP Search Process
2007/12/20 04:23.656	APP-MAIN	DEBUG	Notify Form Hidden
2007/12/20 04:23.93	APP-MAIN	DEBUG	Quick Search Form Shown
2007/12/20 04:23.250	APP-MAIN	DEBUG	Quick Search Form Hidden
2007/12/20 04:23.265	APP-MAIN	DEBUG	Result Form Shown
2007/12/20 04:23.390	APP-HTTP	DEBUG	Request Loop
2007/12/20 04:23.687	APP-MAIN	DEBUG	Notify Form Shown
2007/12/20 04:23.406	APP-RESULT	DEBUG	New Search:Q=sensepost:S=0:L=10
2007/12/20 04:23.968	APP-HTTP	DEBUG	Request Loop
2007/12/20 04:23.656	APP-MAIN	DEBUG	Notify Form Hidden
2007/12/20 04:23.46	APP-RESULT	DEBUG	New Search:Q=hackrack:S=0:L=10
2007/12/20 04:23.156	APP-HTTP	DEBUG	Request Loop
2007/12/20 04:23.468	APP-MAIN	DEBUG	Notify Form Shown
2007/12/20 04:23.468	APP-MAIN	DEBUG	Notify Form Hidden
2007/12/20 04:34.906	APP-MAIN	DEBUG	Quick Search Form Shown
2007/12/20 04:34.875	APP-MAIN	DEBUG	New Search - sensepost
2007/12/20 04:34.875	APP-MAIN	DEBUG	Quick Search Form Hidden
2007/12/20 04:34.875	APP-MAIN	DEBUG	Notify Form Shown
2007/12/20 04:34.890	APP-MAIN	DEBUG	Starting SOAP Search Process
2007/12/20 04:34.875	APP-MAIN	DEBUG	Notify Form Hidden
2007/12/20 04:34.843	APP-MAIN	DEBUG	Quick Search Form Shown
2007/12/20 04:34.906	APP-MAIN	DEBUG	Quick Search Form Hidden
2007/12/20 04:35.203	APP-HTTP	DEBUG	Request Loop
2007/12/20 04:35.515	APP-MAIN	DEBUG	Notify Form Shown
2007/12/20 04:35.875	APP-MAIN	DEBUG	Result Form Hidden
2007/12/20 04:35.890	APP-MAIN	DEBUG	Notify Form Hidden
2007/12/20 04:35.515	APP-MAIN	DEBUG	Shutdown Event Triggered
2007/12/20 04:35.515	APP-MAIN	DEBUG	Stopping HTTP Server
2007/12/20 04:35.515	APP-HTTP	DEBUG	Stopping HTTP Worker Threads
2007/12/20 04:35.609	APP-HTTP	ERROR	Exception:Thread was being aborted.
